
> 84tea@0.1.0 start
> next start

▲ Next.js 16.1.6
- Local:         http://localhost:3000
- Network:       http://127.0.2.2:3000

✓ Starting...
✓ Ready in 986ms
Error: Your project's URL and Key are required to create a Supabase client!

Check your Supabase project's API settings to find these values

https://supabase.com/dashboard/project/_/settings/api
    at <unknown> (https://supabase.com/dashboard/project/_/settings/api)
    at <unknown> (.next/server/edge/chunks/[root-of-the-server]__c9202a2f._.js:51:15155)
    at aE (.next/server/edge/chunks/[root-of-the-server]__c9202a2f._.js:55:5009)
    at handler (.next/server/edge/chunks/[root-of-the-server]__c9202a2f._.js:55:5724)
    at <unknown> (.next/server/edge/chunks/[root-of-the-server]__c9202a2f._.js:13:35612)
    at <unknown> (.next/server/edge/chunks/[root-of-the-server]__c9202a2f._.js:13:35570)
    at async tL (.next/server/edge/chunks/[root-of-the-server]__c9202a2f._.js:13:31879)
Error: Your project's URL and Key are required to create a Supabase client!

Check your Supabase project's API settings to find these values

https://supabase.com/dashboard/project/_/settings/api
    at <unknown> (https://supabase.com/dashboard/project/_/settings/api)
    at <unknown> (.next/server/edge/chunks/[root-of-the-server]__c9202a2f._.js:51:15155)
    at aE (.next/server/edge/chunks/[root-of-the-server]__c9202a2f._.js:55:5009)
    at handler (.next/server/edge/chunks/[root-of-the-server]__c9202a2f._.js:55:5724)
    at <unknown> (.next/server/edge/chunks/[root-of-the-server]__c9202a2f._.js:13:35612)
    at <unknown> (.next/server/edge/chunks/[root-of-the-server]__c9202a2f._.js:13:35570)
    at async tL (.next/server/edge/chunks/[root-of-the-server]__c9202a2f._.js:13:31879)
