
> 84tea@0.1.0 build /Users/macbookprom1/mekong-cli/apps/84tea
> next build

▲ Next.js 16.1.6 (Turbopack)
- Environments: .env.local
- Experiments (use with caution):
  · optimizePackageImports

⚠ The "middleware" file convention is deprecated. Please use "proxy" instead. Learn more: https://nextjs.org/docs/messages/middleware-to-proxy
  Creating an optimized production build ...
✓ Compiled successfully in 4.4s
  Running TypeScript ...
  Collecting page data using 7 workers ...
  Generating static pages using 7 workers (0/9) ...
  Generating static pages using 7 workers (2/9) 
  Generating static pages using 7 workers (4/9) 
  Generating static pages using 7 workers (6/9) 
✓ Generating static pages using 7 workers (9/9) in 80.0ms
  Finalizing page optimization ...

Route (app)
┌ ○ /_not-found
├ ƒ /[locale]
├ ƒ /[locale]/about
├ ƒ /[locale]/checkout
├ ƒ /[locale]/checkout/cancel
├ ƒ /[locale]/checkout/success
├ ƒ /[locale]/club
├ ƒ /[locale]/contact
├ ƒ /[locale]/franchise
├ ƒ /[locale]/franchise/apply
├ ƒ /[locale]/ops
├ ƒ /[locale]/ops/checklist
├ ƒ /[locale]/ops/sop
├ ƒ /[locale]/privacy
├ ƒ /[locale]/products
├ ● /[locale]/products/[slug]
├ ƒ /[locale]/refund
├ ƒ /[locale]/shipping
├ ƒ /[locale]/terms
├ ƒ /[locale]/training
├ ƒ /[locale]/training/module-1
├ ƒ /api/orders
├ ƒ /api/payment/create-link
├ ƒ /api/payment/webhook
├ ƒ /api/products
├ ○ /robots.txt
└ ○ /sitemap.xml


ƒ Proxy (Middleware)

○  (Static)   prerendered as static content
●  (SSG)      prerendered as static HTML (uses generateStaticParams)
ƒ  (Dynamic)  server-rendered on demand

